<?xml version="1.0" encoding="UTF-8"?>
<testng-results skipped="0" failed="0" ignored="0" total="1" passed="1">
  <reporter-output>
  </reporter-output>
  <suite name="Default suite" duration-ms="26079" started-at="2023-09-11T05:27:59Z" finished-at="2023-09-11T05:28:25Z">
    <groups>
    </groups>
    <test name="Default test" duration-ms="26079" started-at="2023-09-11T05:27:59Z" finished-at="2023-09-11T05:28:25Z">
      <class name="com.iNetBanking.testCases.Tc_Login_001">
        <test-method status="PASS" signature="setup()[pri:0, instance:com.iNetBanking.testCases.Tc_Login_001@4e1d422d]" name="setup" is-config="true" duration-ms="18464" started-at="2023-09-11T05:27:59Z" finished-at="2023-09-11T05:28:17Z">
          <reporter-output>
          </reporter-output>
        </test-method> <!-- setup -->
        <test-method status="PASS" signature="loginTest()[pri:0, instance:com.iNetBanking.testCases.Tc_Login_001@4e1d422d]" name="loginTest" duration-ms="5091" started-at="2023-09-11T05:28:17Z" finished-at="2023-09-11T05:28:22Z">
          <reporter-output>
          </reporter-output>
        </test-method> <!-- loginTest -->
        <test-method status="PASS" signature="tearDown()[pri:0, instance:com.iNetBanking.testCases.Tc_Login_001@4e1d422d]" name="tearDown" is-config="true" duration-ms="2337" started-at="2023-09-11T05:28:22Z" finished-at="2023-09-11T05:28:25Z">
          <reporter-output>
          </reporter-output>
        </test-method> <!-- tearDown -->
      </class> <!-- com.iNetBanking.testCases.Tc_Login_001 -->
    </test> <!-- Default test -->
  </suite> <!-- Default suite -->
</testng-results>
